0 info it worked if it ends with ok
1 verbose cli [ '/usr/local/Cellar/node/6.3.1/bin/node',
1 verbose cli   '/usr/local/bin/npm',
1 verbose cli   'run',
1 verbose cli   'local' ]
2 info using npm@3.9.5
3 info using node@v6.3.1
4 verbose run-script [ 'prelocal', 'local', 'postlocal' ]
5 info lifecycle react-test@1.0.0~prelocal: react-test@1.0.0
6 silly lifecycle react-test@1.0.0~prelocal: no script for prelocal, continuing
7 info lifecycle react-test@1.0.0~local: react-test@1.0.0
8 verbose lifecycle react-test@1.0.0~local: unsafe-perm in lifecycle true
9 verbose lifecycle react-test@1.0.0~local: PATH: /usr/local/lib/node_modules/npm/bin/node-gyp-bin:/Applications/MAMP/htdocs/LingHang-iteration-iii/node_modules/.bin:/usr/local/Cellar/node/6.3.1/bin:/Users/raychen/software_nju/nju_semester4/pylib/anaconda/bin:/Users/raychen/C/zookeeper-3.4.6/bin:/Users/raychen/C/jstorm-2.1.1/bin:/usr/local/apache-maven-3.3.3/bin:/usr/local/bin:/usr/bin:/bin:/usr/sbin:/sbin:~/.composer/vendor/bin/
10 verbose lifecycle react-test@1.0.0~local: CWD: /Applications/MAMP/htdocs/LingHang-iteration-iii
11 silly lifecycle react-test@1.0.0~local: Args: [ '-c', 'webpack-dev-server' ]
12 silly lifecycle react-test@1.0.0~local: Returned: code: 1  signal: null
13 info lifecycle react-test@1.0.0~local: Failed to exec local script
14 verbose stack Error: react-test@1.0.0 local: `webpack-dev-server`
14 verbose stack Exit status 1
14 verbose stack     at EventEmitter.<anonymous> (/usr/local/lib/node_modules/npm/lib/utils/lifecycle.js:245:16)
14 verbose stack     at emitTwo (events.js:106:13)
14 verbose stack     at EventEmitter.emit (events.js:191:7)
14 verbose stack     at ChildProcess.<anonymous> (/usr/local/lib/node_modules/npm/lib/utils/spawn.js:24:14)
14 verbose stack     at emitTwo (events.js:106:13)
14 verbose stack     at ChildProcess.emit (events.js:191:7)
14 verbose stack     at maybeClose (internal/child_process.js:852:16)
14 verbose stack     at Process.ChildProcess._handle.onexit (internal/child_process.js:215:5)
15 verbose pkgid react-test@1.0.0
16 verbose cwd /Applications/MAMP/htdocs/LingHang-iteration-iii
17 error Darwin 16.0.0
18 error argv "/usr/local/Cellar/node/6.3.1/bin/node" "/usr/local/bin/npm" "run" "local"
19 error node v6.3.1
20 error npm  v3.9.5
21 error code ELIFECYCLE
22 error react-test@1.0.0 local: `webpack-dev-server`
22 error Exit status 1
23 error Failed at the react-test@1.0.0 local script 'webpack-dev-server'.
23 error Make sure you have the latest version of node.js and npm installed.
23 error If you do, this is most likely a problem with the react-test package,
23 error not with npm itself.
23 error Tell the author that this fails on your system:
23 error     webpack-dev-server
23 error You can get information on how to open an issue for this project with:
23 error     npm bugs react-test
23 error Or if that isn't available, you can get their info via:
23 error     npm owner ls react-test
23 error There is likely additional logging output above.
24 verbose exit [ 1, true ]
